[11-Dec-2023 21:14:47] NOTICE: fpm is running, pid 15029
[11-Dec-2023 21:14:47] NOTICE: ready to handle connections
[11-Dec-2023 21:15:06] NOTICE: Terminating ...
[11-Dec-2023 21:15:06] NOTICE: Terminating ...
[11-Dec-2023 21:15:06] NOTICE: exiting, bye-bye!
[11-Dec-2023 21:34:59] NOTICE: fpm is running, pid 17892
[11-Dec-2023 21:34:59] NOTICE: ready to handle connections
[11-Dec-2023 21:52:26] NOTICE: Terminating ...
[11-Dec-2023 21:52:26] NOTICE: Terminating ...
[11-Dec-2023 21:52:26] NOTICE: exiting, bye-bye!
[11-Dec-2023 21:52:29] NOTICE: fpm is running, pid 18951
[11-Dec-2023 21:52:29] NOTICE: ready to handle connections
[11-Dec-2023 22:20:18] NOTICE: Terminating ...
[11-Dec-2023 22:20:18] NOTICE: Terminating ...
[11-Dec-2023 22:20:18] NOTICE: exiting, bye-bye!
[12-Dec-2023 15:19:51] NOTICE: fpm is running, pid 21454
[12-Dec-2023 15:19:51] NOTICE: ready to handle connections
[12-Dec-2023 16:37:21] NOTICE: Terminating ...
[12-Dec-2023 16:37:21] NOTICE: Terminating ...
[12-Dec-2023 16:37:21] NOTICE: exiting, bye-bye!
[12-Dec-2023 17:55:13] NOTICE: fpm is running, pid 25616
[12-Dec-2023 17:55:13] NOTICE: ready to handle connections
[12-Dec-2023 18:07:07] NOTICE: Terminating ...
[12-Dec-2023 18:07:07] NOTICE: Terminating ...
[12-Dec-2023 18:07:07] NOTICE: exiting, bye-bye!
[12-Dec-2023 18:07:33] NOTICE: fpm is running, pid 26435
[12-Dec-2023 18:07:33] NOTICE: ready to handle connections
[12-Dec-2023 18:07:42] NOTICE: Terminating ...
[12-Dec-2023 18:07:42] NOTICE: Terminating ...
[12-Dec-2023 18:07:42] NOTICE: exiting, bye-bye!
[12-Dec-2023 18:07:43] NOTICE: fpm is running, pid 26521
[12-Dec-2023 18:07:43] NOTICE: ready to handle connections
[12-Dec-2023 18:15:57] NOTICE: Terminating ...
[12-Dec-2023 18:15:57] NOTICE: Terminating ...
[12-Dec-2023 18:15:57] NOTICE: exiting, bye-bye!
[12-Dec-2023 18:16:06] NOTICE: fpm is running, pid 27458
[12-Dec-2023 18:16:06] NOTICE: ready to handle connections
[12-Dec-2023 19:29:38] NOTICE: Terminating ...
[12-Dec-2023 19:29:38] NOTICE: Terminating ...
[12-Dec-2023 19:29:38] NOTICE: exiting, bye-bye!
[20-Dec-2023 09:23:00] NOTICE: fpm is running, pid 2420
[20-Dec-2023 09:23:00] NOTICE: ready to handle connections
[20-Dec-2023 09:29:47] NOTICE: Terminating ...
[20-Dec-2023 09:29:47] NOTICE: Terminating ...
[20-Dec-2023 09:29:47] NOTICE: exiting, bye-bye!
[21-Dec-2023 16:11:35] NOTICE: fpm is running, pid 36574
[21-Dec-2023 16:11:35] NOTICE: ready to handle connections
[21-Dec-2023 16:12:36] NOTICE: Terminating ...
[21-Dec-2023 16:12:36] NOTICE: Terminating ...
[21-Dec-2023 16:12:36] NOTICE: exiting, bye-bye!
[21-Dec-2023 16:14:03] NOTICE: fpm is running, pid 36846
[21-Dec-2023 16:14:03] NOTICE: ready to handle connections
[21-Dec-2023 17:14:57] NOTICE: Terminating ...
[21-Dec-2023 17:14:57] NOTICE: Terminating ...
[21-Dec-2023 17:14:57] NOTICE: exiting, bye-bye!
[21-Dec-2023 17:15:00] NOTICE: fpm is running, pid 39303
[21-Dec-2023 17:15:00] NOTICE: ready to handle connections
[21-Dec-2023 18:04:50] NOTICE: Terminating ...
[21-Dec-2023 18:04:50] NOTICE: Terminating ...
[21-Dec-2023 18:04:50] NOTICE: exiting, bye-bye!
[21-Dec-2023 18:04:52] NOTICE: fpm is running, pid 40194
[21-Dec-2023 18:04:52] NOTICE: ready to handle connections
[21-Dec-2023 19:46:41] NOTICE: Terminating ...
[21-Dec-2023 19:46:41] NOTICE: Terminating ...
[21-Dec-2023 19:46:41] NOTICE: exiting, bye-bye!
[21-Dec-2023 19:46:43] NOTICE: fpm is running, pid 43481
[21-Dec-2023 19:46:43] NOTICE: ready to handle connections
[21-Dec-2023 19:47:53] NOTICE: Terminating ...
[21-Dec-2023 19:47:53] NOTICE: Terminating ...
[21-Dec-2023 19:47:53] NOTICE: exiting, bye-bye!
[21-Dec-2023 19:47:55] NOTICE: fpm is running, pid 43620
[21-Dec-2023 19:47:55] NOTICE: ready to handle connections
[21-Dec-2023 19:48:29] NOTICE: Terminating ...
[21-Dec-2023 19:48:29] NOTICE: Terminating ...
[21-Dec-2023 19:48:29] NOTICE: exiting, bye-bye!
[21-Dec-2023 19:48:30] NOTICE: fpm is running, pid 43697
[21-Dec-2023 19:48:30] NOTICE: ready to handle connections
[21-Dec-2023 19:49:11] NOTICE: Terminating ...
[21-Dec-2023 19:49:11] NOTICE: Terminating ...
[21-Dec-2023 19:49:11] NOTICE: exiting, bye-bye!
[21-Dec-2023 19:49:12] NOTICE: fpm is running, pid 43768
[21-Dec-2023 19:49:12] NOTICE: ready to handle connections
[21-Dec-2023 20:00:41] NOTICE: Terminating ...
[21-Dec-2023 20:00:41] NOTICE: Terminating ...
[21-Dec-2023 20:00:41] NOTICE: exiting, bye-bye!
[21-Dec-2023 20:00:41] NOTICE: fpm is running, pid 44401
[21-Dec-2023 20:00:41] NOTICE: ready to handle connections
[22-Dec-2023 12:57:52] NOTICE: Terminating ...
[22-Dec-2023 12:57:52] NOTICE: Terminating ...
[22-Dec-2023 12:57:52] NOTICE: exiting, bye-bye!
[22-Dec-2023 19:36:21] NOTICE: fpm is running, pid 73681
[22-Dec-2023 19:36:21] NOTICE: ready to handle connections
[22-Dec-2023 19:45:36] NOTICE: Terminating ...
[22-Dec-2023 19:45:36] NOTICE: Terminating ...
[22-Dec-2023 19:45:36] NOTICE: exiting, bye-bye!
[22-Dec-2023 19:45:39] NOTICE: fpm is running, pid 74256
[22-Dec-2023 19:45:39] NOTICE: ready to handle connections
[22-Dec-2023 20:13:33] NOTICE: Terminating ...
[22-Dec-2023 20:13:33] NOTICE: Terminating ...
[22-Dec-2023 20:13:33] NOTICE: exiting, bye-bye!
[22-Dec-2023 20:13:35] NOTICE: fpm is running, pid 75845
[22-Dec-2023 20:13:35] NOTICE: ready to handle connections
[26-Dec-2023 09:11:57] NOTICE: Terminating ...
[26-Dec-2023 09:11:57] NOTICE: Terminating ...
[26-Dec-2023 09:11:57] NOTICE: exiting, bye-bye!
[26-Dec-2023 09:11:59] NOTICE: fpm is running, pid 87993
[26-Dec-2023 09:11:59] NOTICE: ready to handle connections
[26-Dec-2023 11:20:59] NOTICE: Terminating ...
[26-Dec-2023 11:20:59] NOTICE: Terminating ...
[26-Dec-2023 11:20:59] NOTICE: exiting, bye-bye!
[26-Dec-2023 11:21:05] NOTICE: fpm is running, pid 95614
[26-Dec-2023 11:21:05] NOTICE: ready to handle connections
[26-Dec-2023 11:21:43] ERROR: Another FPM instance seems to already listen on /Users/guntherbeam/Library/Application Support/Local/run/E4W0JBb-6/php/php-fpm.socket
[26-Dec-2023 11:21:43] ERROR: FPM initialization failed
[26-Dec-2023 11:21:44] ERROR: Another FPM instance seems to already listen on /Users/guntherbeam/Library/Application Support/Local/run/E4W0JBb-6/php/php-fpm.socket
[26-Dec-2023 11:21:44] ERROR: FPM initialization failed
[26-Dec-2023 11:21:45] ERROR: Another FPM instance seems to already listen on /Users/guntherbeam/Library/Application Support/Local/run/E4W0JBb-6/php/php-fpm.socket
[26-Dec-2023 11:21:45] ERROR: FPM initialization failed
[26-Dec-2023 11:21:45] ERROR: Another FPM instance seems to already listen on /Users/guntherbeam/Library/Application Support/Local/run/E4W0JBb-6/php/php-fpm.socket
[26-Dec-2023 11:21:45] ERROR: FPM initialization failed
[26-Dec-2023 11:25:01] ERROR: Another FPM instance seems to already listen on /Users/guntherbeam/Library/Application Support/Local/run/E4W0JBb-6/php/php-fpm.socket
[26-Dec-2023 11:25:01] ERROR: FPM initialization failed
[26-Dec-2023 11:25:02] ERROR: Another FPM instance seems to already listen on /Users/guntherbeam/Library/Application Support/Local/run/E4W0JBb-6/php/php-fpm.socket
[26-Dec-2023 11:25:02] ERROR: FPM initialization failed
[26-Dec-2023 11:25:03] ERROR: Another FPM instance seems to already listen on /Users/guntherbeam/Library/Application Support/Local/run/E4W0JBb-6/php/php-fpm.socket
[26-Dec-2023 11:25:03] ERROR: FPM initialization failed
[26-Dec-2023 11:25:03] ERROR: Another FPM instance seems to already listen on /Users/guntherbeam/Library/Application Support/Local/run/E4W0JBb-6/php/php-fpm.socket
[26-Dec-2023 11:25:03] ERROR: FPM initialization failed
[26-Dec-2023 20:06:57] ERROR: Another FPM instance seems to already listen on /Users/guntherbeam/Library/Application Support/Local/run/E4W0JBb-6/php/php-fpm.socket
[26-Dec-2023 20:06:57] ERROR: FPM initialization failed
[26-Dec-2023 20:06:57] ERROR: Another FPM instance seems to already listen on /Users/guntherbeam/Library/Application Support/Local/run/E4W0JBb-6/php/php-fpm.socket
[26-Dec-2023 20:06:57] ERROR: FPM initialization failed
[26-Dec-2023 20:06:58] ERROR: Another FPM instance seems to already listen on /Users/guntherbeam/Library/Application Support/Local/run/E4W0JBb-6/php/php-fpm.socket
[26-Dec-2023 20:06:58] ERROR: FPM initialization failed
[26-Dec-2023 20:06:58] ERROR: Another FPM instance seems to already listen on /Users/guntherbeam/Library/Application Support/Local/run/E4W0JBb-6/php/php-fpm.socket
[26-Dec-2023 20:06:58] ERROR: FPM initialization failed
[27-Dec-2023 15:31:05] ERROR: Another FPM instance seems to already listen on /Users/guntherbeam/Library/Application Support/Local/run/E4W0JBb-6/php/php-fpm.socket
[27-Dec-2023 15:31:05] ERROR: FPM initialization failed
[27-Dec-2023 15:31:05] ERROR: Another FPM instance seems to already listen on /Users/guntherbeam/Library/Application Support/Local/run/E4W0JBb-6/php/php-fpm.socket
[27-Dec-2023 15:31:05] ERROR: FPM initialization failed
[27-Dec-2023 15:31:06] ERROR: Another FPM instance seems to already listen on /Users/guntherbeam/Library/Application Support/Local/run/E4W0JBb-6/php/php-fpm.socket
[27-Dec-2023 15:31:06] ERROR: FPM initialization failed
[27-Dec-2023 15:31:07] ERROR: Another FPM instance seems to already listen on /Users/guntherbeam/Library/Application Support/Local/run/E4W0JBb-6/php/php-fpm.socket
[27-Dec-2023 15:31:07] ERROR: FPM initialization failed
[31-Dec-2023 06:20:35] NOTICE: fpm is running, pid 94874
[31-Dec-2023 06:20:35] NOTICE: ready to handle connections
[31-Dec-2023 06:32:37] NOTICE: Terminating ...
[31-Dec-2023 06:32:37] NOTICE: Terminating ...
[31-Dec-2023 06:32:37] NOTICE: exiting, bye-bye!
[08-Jan-2024 21:23:47] NOTICE: fpm is running, pid 1413
[08-Jan-2024 21:23:47] NOTICE: ready to handle connections
[08-Jan-2024 21:51:47] NOTICE: Terminating ...
[08-Jan-2024 21:51:47] NOTICE: Terminating ...
[08-Jan-2024 21:51:47] NOTICE: exiting, bye-bye!
[09-Jan-2024 07:19:17] NOTICE: fpm is running, pid 5081
[09-Jan-2024 07:19:17] NOTICE: ready to handle connections
[09-Jan-2024 07:28:08] NOTICE: Terminating ...
[09-Jan-2024 07:28:08] NOTICE: Terminating ...
[09-Jan-2024 07:28:08] NOTICE: exiting, bye-bye!
[20-Jan-2024 16:16:08] NOTICE: fpm is running, pid 55306
[20-Jan-2024 16:16:08] NOTICE: ready to handle connections
[20-Jan-2024 16:50:54] NOTICE: Terminating ...
[20-Jan-2024 16:50:54] NOTICE: Terminating ...
[20-Jan-2024 16:50:54] NOTICE: exiting, bye-bye!
[22-Jan-2024 15:06:05] NOTICE: fpm is running, pid 10691
[22-Jan-2024 15:06:05] NOTICE: ready to handle connections
[23-Jan-2024 11:01:34] NOTICE: Terminating ...
[23-Jan-2024 11:01:34] NOTICE: Terminating ...
[23-Jan-2024 11:01:34] NOTICE: exiting, bye-bye!
[23-Jan-2024 15:31:41] NOTICE: fpm is running, pid 22822
[23-Jan-2024 15:31:41] NOTICE: ready to handle connections
[24-Jan-2024 15:56:37] NOTICE: Terminating ...
[24-Jan-2024 15:56:37] NOTICE: Terminating ...
[24-Jan-2024 15:56:37] NOTICE: exiting, bye-bye!
[25-Jan-2024 10:41:05] NOTICE: fpm is running, pid 13996
[25-Jan-2024 10:41:05] NOTICE: ready to handle connections
[27-Jan-2024 11:20:08] NOTICE: Terminating ...
[27-Jan-2024 11:20:08] NOTICE: Terminating ...
[27-Jan-2024 11:20:08] NOTICE: exiting, bye-bye!
[27-Jan-2024 14:47:36] NOTICE: fpm is running, pid 43290
[27-Jan-2024 14:47:36] NOTICE: ready to handle connections
[27-Jan-2024 14:58:37] NOTICE: Terminating ...
[27-Jan-2024 14:58:37] NOTICE: Terminating ...
[27-Jan-2024 14:58:37] NOTICE: exiting, bye-bye!
[27-Jan-2024 14:58:39] NOTICE: fpm is running, pid 44097
[27-Jan-2024 14:58:39] NOTICE: ready to handle connections
[27-Jan-2024 15:22:09] NOTICE: Terminating ...
[27-Jan-2024 15:22:09] NOTICE: Terminating ...
[27-Jan-2024 15:22:09] NOTICE: exiting, bye-bye!
[27-Jan-2024 15:22:10] NOTICE: fpm is running, pid 45655
[27-Jan-2024 15:22:10] NOTICE: ready to handle connections
[27-Jan-2024 15:29:56] NOTICE: Terminating ...
[27-Jan-2024 15:29:56] NOTICE: Terminating ...
[27-Jan-2024 15:29:56] NOTICE: exiting, bye-bye!
[27-Jan-2024 15:29:59] NOTICE: fpm is running, pid 46329
[27-Jan-2024 15:29:59] NOTICE: ready to handle connections
[27-Jan-2024 16:09:54] NOTICE: Terminating ...
[27-Jan-2024 16:09:54] NOTICE: Terminating ...
[27-Jan-2024 16:09:54] NOTICE: exiting, bye-bye!
[27-Jan-2024 16:09:57] NOTICE: fpm is running, pid 49534
[27-Jan-2024 16:09:57] NOTICE: ready to handle connections
[27-Jan-2024 16:16:27] NOTICE: Terminating ...
[27-Jan-2024 16:16:27] NOTICE: Terminating ...
[27-Jan-2024 16:16:27] NOTICE: exiting, bye-bye!
[27-Jan-2024 16:16:38] NOTICE: fpm is running, pid 50029
[27-Jan-2024 16:16:38] NOTICE: ready to handle connections
[27-Jan-2024 16:19:46] NOTICE: Terminating ...
[27-Jan-2024 16:19:46] NOTICE: Terminating ...
[27-Jan-2024 16:19:46] NOTICE: exiting, bye-bye!
[27-Jan-2024 16:23:26] NOTICE: fpm is running, pid 50681
[27-Jan-2024 16:23:26] NOTICE: ready to handle connections
[27-Jan-2024 18:29:38] NOTICE: Terminating ...
[27-Jan-2024 18:29:38] NOTICE: Terminating ...
[27-Jan-2024 18:29:38] NOTICE: exiting, bye-bye!
[27-Jan-2024 18:29:41] NOTICE: fpm is running, pid 59423
[27-Jan-2024 18:29:41] NOTICE: ready to handle connections
[27-Jan-2024 20:54:38] NOTICE: Terminating ...
[27-Jan-2024 20:54:38] NOTICE: exiting, bye-bye!
[28-Jan-2024 10:13:44] NOTICE: fpm is running, pid 1578
[28-Jan-2024 10:13:44] NOTICE: ready to handle connections
[28-Jan-2024 13:05:03] NOTICE: Terminating ...
[28-Jan-2024 13:05:03] NOTICE: Terminating ...
[28-Jan-2024 13:05:03] NOTICE: exiting, bye-bye!
[28-Jan-2024 13:05:07] NOTICE: fpm is running, pid 13882
[28-Jan-2024 13:05:07] NOTICE: ready to handle connections
[28-Jan-2024 13:37:20] NOTICE: Terminating ...
[28-Jan-2024 13:37:20] NOTICE: Terminating ...
[28-Jan-2024 13:37:20] NOTICE: exiting, bye-bye!
[28-Jan-2024 13:37:49] NOTICE: fpm is running, pid 15764
[28-Jan-2024 13:37:49] NOTICE: ready to handle connections
[28-Jan-2024 14:25:22] NOTICE: Terminating ...
[28-Jan-2024 14:25:22] NOTICE: exiting, bye-bye!
[28-Jan-2024 14:25:27] NOTICE: fpm is running, pid 19085
[28-Jan-2024 14:25:27] NOTICE: ready to handle connections
[28-Jan-2024 15:18:38] NOTICE: Terminating ...
[28-Jan-2024 15:18:38] NOTICE: Terminating ...
[28-Jan-2024 15:18:38] NOTICE: exiting, bye-bye!
[28-Jan-2024 15:19:35] NOTICE: fpm is running, pid 23239
[28-Jan-2024 15:19:35] NOTICE: ready to handle connections
[28-Jan-2024 15:43:34] NOTICE: Terminating ...
[28-Jan-2024 15:43:34] NOTICE: Terminating ...
[28-Jan-2024 15:43:34] NOTICE: exiting, bye-bye!
[28-Jan-2024 15:43:36] NOTICE: fpm is running, pid 24554
[28-Jan-2024 15:43:36] NOTICE: ready to handle connections
[28-Jan-2024 16:00:58] NOTICE: Terminating ...
[28-Jan-2024 16:00:58] NOTICE: Terminating ...
[28-Jan-2024 16:00:58] NOTICE: exiting, bye-bye!
[29-Jan-2024 13:32:44] NOTICE: fpm is running, pid 46466
[29-Jan-2024 13:32:44] NOTICE: ready to handle connections
[30-Jan-2024 10:13:04] NOTICE: fpm is running, pid 4398
[30-Jan-2024 10:13:04] NOTICE: ready to handle connections
[30-Jan-2024 10:17:07] NOTICE: Terminating ...
[30-Jan-2024 10:17:07] NOTICE: Terminating ...
[30-Jan-2024 10:17:07] NOTICE: exiting, bye-bye!
[30-Jan-2024 10:18:56] NOTICE: fpm is running, pid 5000
[30-Jan-2024 10:18:56] NOTICE: ready to handle connections
[30-Jan-2024 10:27:01] NOTICE: Terminating ...
[30-Jan-2024 10:27:01] NOTICE: Terminating ...
[30-Jan-2024 10:27:01] NOTICE: exiting, bye-bye!
[30-Jan-2024 12:18:45] NOTICE: fpm is running, pid 6725
[30-Jan-2024 12:18:45] NOTICE: ready to handle connections
[30-Jan-2024 12:18:54] NOTICE: Terminating ...
[30-Jan-2024 12:18:54] NOTICE: Terminating ...
[30-Jan-2024 12:18:54] NOTICE: exiting, bye-bye!
[30-Jan-2024 12:18:57] NOTICE: fpm is running, pid 6782
[30-Jan-2024 12:18:57] NOTICE: ready to handle connections
[30-Jan-2024 15:40:30] NOTICE: Terminating ...
[30-Jan-2024 15:40:30] NOTICE: Terminating ...
[30-Jan-2024 15:40:30] NOTICE: exiting, bye-bye!
[30-Jan-2024 15:42:24] NOTICE: fpm is running, pid 10717
[30-Jan-2024 15:42:24] NOTICE: ready to handle connections
[31-Jan-2024 10:13:36] NOTICE: Terminating ...
[31-Jan-2024 10:13:36] NOTICE: Terminating ...
[31-Jan-2024 10:13:36] NOTICE: exiting, bye-bye!
[31-Jan-2024 12:27:13] NOTICE: fpm is running, pid 16333
[31-Jan-2024 12:27:13] NOTICE: ready to handle connections
[31-Jan-2024 12:36:19] NOTICE: Terminating ...
[31-Jan-2024 12:36:19] NOTICE: Terminating ...
[31-Jan-2024 12:36:19] NOTICE: exiting, bye-bye!
[31-Jan-2024 12:36:24] NOTICE: fpm is running, pid 17071
[31-Jan-2024 12:36:24] NOTICE: ready to handle connections
[31-Jan-2024 15:48:35] NOTICE: Terminating ...
[31-Jan-2024 15:48:35] NOTICE: Terminating ...
[31-Jan-2024 15:48:35] NOTICE: exiting, bye-bye!
[31-Jan-2024 15:48:39] NOTICE: fpm is running, pid 29675
[31-Jan-2024 15:48:39] NOTICE: ready to handle connections
[31-Jan-2024 17:13:54] NOTICE: Terminating ...
[31-Jan-2024 17:13:54] NOTICE: Terminating ...
[31-Jan-2024 17:13:54] NOTICE: exiting, bye-bye!
[31-Jan-2024 17:14:02] NOTICE: fpm is running, pid 35938
[31-Jan-2024 17:14:02] NOTICE: ready to handle connections
[31-Jan-2024 17:14:19] NOTICE: Terminating ...
[31-Jan-2024 17:14:19] NOTICE: Terminating ...
[31-Jan-2024 17:14:19] NOTICE: exiting, bye-bye!
[31-Jan-2024 17:14:20] NOTICE: fpm is running, pid 36004
[31-Jan-2024 17:14:20] NOTICE: ready to handle connections
[31-Jan-2024 17:14:53] NOTICE: Terminating ...
[31-Jan-2024 17:14:53] NOTICE: Terminating ...
[31-Jan-2024 17:14:53] NOTICE: exiting, bye-bye!
[31-Jan-2024 17:15:27] NOTICE: fpm is running, pid 36106
[31-Jan-2024 17:15:27] NOTICE: ready to handle connections
[31-Jan-2024 17:38:18] NOTICE: Terminating ...
[31-Jan-2024 17:38:18] NOTICE: Terminating ...
[31-Jan-2024 17:38:18] NOTICE: exiting, bye-bye!
[01-Feb-2024 09:38:15] NOTICE: fpm is running, pid 40342
[01-Feb-2024 09:38:15] NOTICE: ready to handle connections
[01-Feb-2024 12:31:41] NOTICE: Terminating ...
[01-Feb-2024 12:31:41] NOTICE: exiting, bye-bye!
[01-Feb-2024 12:31:42] NOTICE: fpm is running, pid 50501
[01-Feb-2024 12:31:42] NOTICE: ready to handle connections
[01-Feb-2024 12:31:42] NOTICE: Terminating ...
[01-Feb-2024 12:31:42] NOTICE: exiting, bye-bye!
[01-Feb-2024 12:31:43] NOTICE: fpm is running, pid 50522
[01-Feb-2024 12:31:43] NOTICE: ready to handle connections
[05-Feb-2024 14:32:09] NOTICE: fpm is running, pid 6104
[05-Feb-2024 14:32:09] NOTICE: ready to handle connections
[07-Feb-2024 20:13:18] NOTICE: Terminating ...
[07-Feb-2024 20:13:18] NOTICE: Terminating ...
[07-Feb-2024 20:13:18] NOTICE: Terminating ...
[07-Feb-2024 20:13:18] NOTICE: exiting, bye-bye!
[07-Feb-2024 20:13:24] NOTICE: fpm is running, pid 22780
[07-Feb-2024 20:13:24] NOTICE: ready to handle connections
[07-Feb-2024 20:24:51] NOTICE: Terminating ...
[07-Feb-2024 20:24:51] NOTICE: exiting, bye-bye!
[07-Feb-2024 20:25:30] NOTICE: fpm is running, pid 23608
[07-Feb-2024 20:25:30] NOTICE: ready to handle connections
[07-Feb-2024 22:12:25] NOTICE: Terminating ...
[07-Feb-2024 22:12:25] NOTICE: Terminating ...
[07-Feb-2024 22:12:25] NOTICE: exiting, bye-bye!
[08-Feb-2024 15:40:16] NOTICE: fpm is running, pid 42339
[08-Feb-2024 15:40:16] NOTICE: ready to handle connections
[09-Feb-2024 09:08:17] NOTICE: Terminating ...
[09-Feb-2024 09:08:17] NOTICE: Terminating ...
[09-Feb-2024 09:08:17] NOTICE: exiting, bye-bye!
[09-Feb-2024 09:17:46] NOTICE: fpm is running, pid 2411
[09-Feb-2024 09:17:46] NOTICE: ready to handle connections
[12-Feb-2024 19:15:28] NOTICE: Terminating ...
[12-Feb-2024 19:15:28] NOTICE: Terminating ...
[12-Feb-2024 19:15:28] NOTICE: exiting, bye-bye!
[16-Feb-2024 15:31:32] NOTICE: fpm is running, pid 46123
[16-Feb-2024 15:31:32] NOTICE: ready to handle connections
[16-Feb-2024 15:52:51] NOTICE: Terminating ...
[16-Feb-2024 15:52:51] NOTICE: Terminating ...
[16-Feb-2024 15:52:51] NOTICE: exiting, bye-bye!
[17-Feb-2024 16:24:16] NOTICE: fpm is running, pid 50455
[17-Feb-2024 16:24:16] NOTICE: ready to handle connections
[17-Feb-2024 19:03:44] NOTICE: Terminating ...
[17-Feb-2024 19:03:44] NOTICE: Terminating ...
[17-Feb-2024 19:03:44] NOTICE: exiting, bye-bye!
[17-Feb-2024 19:09:04] NOTICE: fpm is running, pid 61657
[17-Feb-2024 19:09:04] NOTICE: ready to handle connections
[17-Feb-2024 19:09:11] NOTICE: Terminating ...
[17-Feb-2024 19:09:11] NOTICE: Terminating ...
[17-Feb-2024 19:09:11] NOTICE: exiting, bye-bye!
[17-Feb-2024 19:09:34] NOTICE: fpm is running, pid 61769
[17-Feb-2024 19:09:34] NOTICE: ready to handle connections
[17-Feb-2024 19:14:09] NOTICE: Terminating ...
[17-Feb-2024 19:14:09] NOTICE: Terminating ...
[17-Feb-2024 19:14:09] NOTICE: exiting, bye-bye!
[17-Feb-2024 19:14:10] NOTICE: fpm is running, pid 62028
[17-Feb-2024 19:14:10] NOTICE: ready to handle connections
[18-Feb-2024 08:55:36] NOTICE: Terminating ...
[18-Feb-2024 08:55:36] NOTICE: Terminating ...
[18-Feb-2024 08:55:36] NOTICE: exiting, bye-bye!
[18-Feb-2024 08:57:58] NOTICE: fpm is running, pid 71336
[18-Feb-2024 08:57:58] NOTICE: ready to handle connections
[18-Feb-2024 09:01:56] NOTICE: Terminating ...
[18-Feb-2024 09:01:56] NOTICE: Terminating ...
[18-Feb-2024 09:01:56] NOTICE: exiting, bye-bye!
[18-Feb-2024 09:03:26] NOTICE: fpm is running, pid 71799
[18-Feb-2024 09:03:26] NOTICE: ready to handle connections
[18-Feb-2024 09:03:44] NOTICE: Terminating ...
[18-Feb-2024 09:03:44] NOTICE: exiting, bye-bye!
[18-Feb-2024 09:03:46] NOTICE: fpm is running, pid 71849
[18-Feb-2024 09:03:46] NOTICE: ready to handle connections
[18-Feb-2024 09:05:15] NOTICE: Terminating ...
[18-Feb-2024 09:05:15] NOTICE: exiting, bye-bye!
[18-Feb-2024 09:08:25] NOTICE: fpm is running, pid 72134
[18-Feb-2024 09:08:25] NOTICE: ready to handle connections
[18-Feb-2024 12:17:00] NOTICE: Terminating ...
[18-Feb-2024 12:17:00] NOTICE: Terminating ...
[18-Feb-2024 12:17:00] NOTICE: exiting, bye-bye!
[18-Feb-2024 12:17:02] NOTICE: fpm is running, pid 84890
[18-Feb-2024 12:17:02] NOTICE: ready to handle connections
[18-Feb-2024 12:21:21] NOTICE: Terminating ...
[18-Feb-2024 12:21:21] NOTICE: Terminating ...
[18-Feb-2024 12:21:21] NOTICE: exiting, bye-bye!
[18-Feb-2024 12:21:23] NOTICE: fpm is running, pid 85300
[18-Feb-2024 12:21:23] NOTICE: ready to handle connections
[18-Feb-2024 13:29:47] NOTICE: Terminating ...
[18-Feb-2024 13:29:47] NOTICE: Terminating ...
[18-Feb-2024 13:29:47] NOTICE: exiting, bye-bye!
[18-Feb-2024 13:30:10] NOTICE: fpm is running, pid 91137
[18-Feb-2024 13:30:10] NOTICE: ready to handle connections
[18-Feb-2024 16:01:16] NOTICE: Terminating ...
[18-Feb-2024 16:01:16] NOTICE: Terminating ...
[18-Feb-2024 16:01:16] NOTICE: exiting, bye-bye!
[18-Feb-2024 16:01:18] NOTICE: fpm is running, pid 2591
[18-Feb-2024 16:01:18] NOTICE: ready to handle connections
[19-Feb-2024 12:49:53] NOTICE: Terminating ...
[19-Feb-2024 12:49:53] NOTICE: Terminating ...
[19-Feb-2024 12:49:53] NOTICE: exiting, bye-bye!
[19-Feb-2024 12:58:03] NOTICE: fpm is running, pid 11043
[19-Feb-2024 12:58:03] NOTICE: ready to handle connections
[19-Feb-2024 13:02:18] NOTICE: Terminating ...
[19-Feb-2024 13:02:18] NOTICE: Terminating ...
[19-Feb-2024 13:02:18] NOTICE: exiting, bye-bye!
[19-Feb-2024 13:03:25] NOTICE: fpm is running, pid 11582
[19-Feb-2024 13:03:25] NOTICE: ready to handle connections
[19-Feb-2024 13:10:47] NOTICE: Terminating ...
[19-Feb-2024 13:10:47] NOTICE: Terminating ...
[19-Feb-2024 13:10:47] NOTICE: exiting, bye-bye!
[19-Feb-2024 14:56:59] NOTICE: fpm is running, pid 10217
[19-Feb-2024 14:56:59] NOTICE: ready to handle connections
[19-Feb-2024 17:22:56] NOTICE: Terminating ...
[19-Feb-2024 17:22:56] NOTICE: Terminating ...
[19-Feb-2024 17:22:56] NOTICE: exiting, bye-bye!
[19-Feb-2024 17:22:57] NOTICE: fpm is running, pid 18814
[19-Feb-2024 17:22:57] NOTICE: ready to handle connections
[19-Feb-2024 17:37:29] NOTICE: Terminating ...
[19-Feb-2024 17:37:29] NOTICE: Terminating ...
[19-Feb-2024 17:37:29] NOTICE: exiting, bye-bye!
[19-Feb-2024 17:38:33] NOTICE: fpm is running, pid 20387
[19-Feb-2024 17:38:33] NOTICE: ready to handle connections
[19-Feb-2024 17:39:22] NOTICE: Terminating ...
[19-Feb-2024 17:39:22] NOTICE: exiting, bye-bye!
[19-Feb-2024 17:39:24] NOTICE: fpm is running, pid 20530
[19-Feb-2024 17:39:24] NOTICE: ready to handle connections
[19-Feb-2024 17:46:51] NOTICE: Terminating ...
[19-Feb-2024 17:46:51] NOTICE: Terminating ...
[19-Feb-2024 17:46:51] NOTICE: exiting, bye-bye!
[19-Feb-2024 17:46:55] NOTICE: fpm is running, pid 21191
[19-Feb-2024 17:46:55] NOTICE: ready to handle connections
[19-Feb-2024 19:17:45] NOTICE: Terminating ...
[19-Feb-2024 19:17:45] NOTICE: Terminating ...
[19-Feb-2024 19:17:45] NOTICE: exiting, bye-bye!
[19-Feb-2024 19:20:51] NOTICE: fpm is running, pid 28203
[19-Feb-2024 19:20:51] NOTICE: ready to handle connections
[19-Feb-2024 20:11:13] NOTICE: Terminating ...
[19-Feb-2024 20:11:13] NOTICE: Terminating ...
[19-Feb-2024 20:11:13] NOTICE: exiting, bye-bye!
[19-Feb-2024 22:48:18] NOTICE: fpm is running, pid 36322
[19-Feb-2024 22:48:18] NOTICE: ready to handle connections
[19-Feb-2024 22:49:10] NOTICE: Terminating ...
[19-Feb-2024 22:49:10] NOTICE: Terminating ...
[19-Feb-2024 22:49:10] NOTICE: exiting, bye-bye!
[19-Feb-2024 22:49:11] NOTICE: fpm is running, pid 36438
[19-Feb-2024 22:49:11] NOTICE: ready to handle connections
[19-Feb-2024 22:49:16] NOTICE: Terminating ...
[19-Feb-2024 22:49:16] NOTICE: Terminating ...
[19-Feb-2024 22:49:16] NOTICE: exiting, bye-bye!
[23-Feb-2024 18:16:42] NOTICE: fpm is running, pid 6353
[23-Feb-2024 18:16:42] NOTICE: ready to handle connections
[23-Feb-2024 20:32:19] NOTICE: Terminating ...
[23-Feb-2024 20:32:19] NOTICE: Terminating ...
[23-Feb-2024 20:32:19] NOTICE: exiting, bye-bye!
[23-Feb-2024 20:38:22] NOTICE: fpm is running, pid 13673
[23-Feb-2024 20:38:22] NOTICE: ready to handle connections
[23-Feb-2024 20:58:14] NOTICE: Terminating ...
[23-Feb-2024 20:58:14] NOTICE: Terminating ...
[23-Feb-2024 20:58:14] NOTICE: exiting, bye-bye!
[23-Feb-2024 20:58:28] NOTICE: fpm is running, pid 15203
[23-Feb-2024 20:58:28] NOTICE: ready to handle connections
[23-Feb-2024 21:01:22] NOTICE: Terminating ...
[23-Feb-2024 21:01:22] NOTICE: Terminating ...
[23-Feb-2024 21:01:22] NOTICE: exiting, bye-bye!
[23-Feb-2024 21:01:27] NOTICE: fpm is running, pid 15424
[23-Feb-2024 21:01:27] NOTICE: ready to handle connections
[23-Feb-2024 21:01:56] NOTICE: Terminating ...
[23-Feb-2024 21:01:56] NOTICE: Terminating ...
[23-Feb-2024 21:01:56] NOTICE: exiting, bye-bye!
[23-Feb-2024 21:02:26] NOTICE: fpm is running, pid 15554
[23-Feb-2024 21:02:26] NOTICE: ready to handle connections
[23-Feb-2024 21:03:26] NOTICE: Terminating ...
[23-Feb-2024 21:03:26] NOTICE: Terminating ...
[23-Feb-2024 21:03:26] NOTICE: exiting, bye-bye!
[23-Feb-2024 21:04:10] NOTICE: fpm is running, pid 15804
[23-Feb-2024 21:04:10] NOTICE: ready to handle connections
[23-Feb-2024 21:06:09] NOTICE: Terminating ...
[23-Feb-2024 21:06:09] NOTICE: Terminating ...
[23-Feb-2024 21:06:09] NOTICE: exiting, bye-bye!
[23-Feb-2024 21:06:41] NOTICE: fpm is running, pid 16048
[23-Feb-2024 21:06:41] NOTICE: ready to handle connections
[23-Feb-2024 21:06:55] NOTICE: Terminating ...
[23-Feb-2024 21:06:55] NOTICE: Terminating ...
[23-Feb-2024 21:06:55] NOTICE: exiting, bye-bye!
[23-Feb-2024 21:09:04] NOTICE: fpm is running, pid 1080
[23-Feb-2024 21:09:04] NOTICE: ready to handle connections
[23-Feb-2024 21:14:21] NOTICE: Terminating ...
[23-Feb-2024 21:14:21] NOTICE: Terminating ...
[23-Feb-2024 21:14:21] NOTICE: exiting, bye-bye!
[23-Feb-2024 21:14:25] NOTICE: fpm is running, pid 1686
[23-Feb-2024 21:14:25] NOTICE: ready to handle connections
[23-Feb-2024 21:25:35] NOTICE: Terminating ...
[23-Feb-2024 21:25:35] NOTICE: Terminating ...
[23-Feb-2024 21:25:35] NOTICE: exiting, bye-bye!
[23-Feb-2024 21:25:37] NOTICE: fpm is running, pid 2369
[23-Feb-2024 21:25:37] NOTICE: ready to handle connections
[23-Feb-2024 21:27:36] NOTICE: Terminating ...
[23-Feb-2024 21:27:36] NOTICE: exiting, bye-bye!
[23-Feb-2024 21:28:19] NOTICE: fpm is running, pid 2701
[23-Feb-2024 21:28:19] NOTICE: ready to handle connections
[23-Feb-2024 21:28:28] NOTICE: Terminating ...
[23-Feb-2024 21:28:28] NOTICE: Terminating ...
[23-Feb-2024 21:28:28] NOTICE: exiting, bye-bye!
[24-Feb-2024 08:41:10] NOTICE: fpm is running, pid 1253
[24-Feb-2024 08:41:10] NOTICE: ready to handle connections
[24-Feb-2024 10:04:18] NOTICE: Terminating ...
[24-Feb-2024 10:04:18] NOTICE: Terminating ...
[24-Feb-2024 10:04:18] NOTICE: exiting, bye-bye!
[24-Feb-2024 10:04:22] NOTICE: fpm is running, pid 6347
[24-Feb-2024 10:04:22] NOTICE: ready to handle connections
[28-Feb-2024 16:39:33] NOTICE: Terminating ...
[28-Feb-2024 16:39:33] NOTICE: Terminating ...
[28-Feb-2024 16:39:33] NOTICE: exiting, bye-bye!
[29-Feb-2024 09:43:32] NOTICE: fpm is running, pid 41591
[29-Feb-2024 09:43:32] NOTICE: ready to handle connections
[29-Feb-2024 10:59:58] NOTICE: Terminating ...
[29-Feb-2024 10:59:58] NOTICE: Terminating ...
[29-Feb-2024 10:59:58] NOTICE: exiting, bye-bye!
[29-Feb-2024 11:57:24] NOTICE: fpm is running, pid 48809
[29-Feb-2024 11:57:24] NOTICE: ready to handle connections
[29-Feb-2024 12:09:48] NOTICE: Terminating ...
[29-Feb-2024 12:09:48] NOTICE: Terminating ...
[29-Feb-2024 12:09:48] NOTICE: exiting, bye-bye!
[29-Feb-2024 14:33:21] NOTICE: fpm is running, pid 54269
[29-Feb-2024 14:33:21] NOTICE: ready to handle connections
[29-Feb-2024 15:37:35] NOTICE: Terminating ...
[29-Feb-2024 15:37:35] NOTICE: Terminating ...
[29-Feb-2024 15:37:35] NOTICE: exiting, bye-bye!
[29-Feb-2024 16:01:49] NOTICE: fpm is running, pid 59974
[29-Feb-2024 16:01:49] NOTICE: ready to handle connections
[29-Feb-2024 16:27:03] NOTICE: Terminating ...
[29-Feb-2024 16:27:03] NOTICE: exiting, bye-bye!
[01-Mar-2024 09:02:38] NOTICE: fpm is running, pid 63688
[01-Mar-2024 09:02:38] NOTICE: ready to handle connections
[02-Mar-2024 14:40:55] NOTICE: Terminating ...
[02-Mar-2024 14:40:55] NOTICE: Terminating ...
[02-Mar-2024 14:40:55] NOTICE: exiting, bye-bye!
[02-Mar-2024 14:41:00] NOTICE: fpm is running, pid 96555
[02-Mar-2024 14:41:00] NOTICE: ready to handle connections
[03-Mar-2024 11:14:34] NOTICE: Terminating ...
[03-Mar-2024 11:14:34] NOTICE: Terminating ...
[03-Mar-2024 11:14:34] NOTICE: exiting, bye-bye!
[03-Mar-2024 11:14:37] NOTICE: fpm is running, pid 8519
[03-Mar-2024 11:14:37] NOTICE: ready to handle connections
[03-Mar-2024 11:14:44] NOTICE: Terminating ...
[03-Mar-2024 11:14:44] NOTICE: Terminating ...
[03-Mar-2024 11:14:44] NOTICE: exiting, bye-bye!
[03-Mar-2024 12:51:45] NOTICE: fpm is running, pid 11810
[03-Mar-2024 12:51:45] NOTICE: ready to handle connections
[03-Mar-2024 14:43:42] NOTICE: Terminating ...
[03-Mar-2024 14:43:42] NOTICE: Terminating ...
[03-Mar-2024 14:43:42] NOTICE: exiting, bye-bye!
[03-Mar-2024 14:43:43] NOTICE: fpm is running, pid 19089
[03-Mar-2024 14:43:43] NOTICE: ready to handle connections
[04-Mar-2024 10:05:41] NOTICE: Terminating ...
[04-Mar-2024 10:05:41] NOTICE: Terminating ...
[04-Mar-2024 10:05:41] NOTICE: exiting, bye-bye!
[04-Mar-2024 12:00:03] NOTICE: fpm is running, pid 36405
[04-Mar-2024 12:00:03] NOTICE: ready to handle connections
[07-Mar-2024 17:46:23] NOTICE: Terminating ...
[07-Mar-2024 17:46:23] NOTICE: Terminating ...
[07-Mar-2024 17:46:23] NOTICE: exiting, bye-bye!
[07-Mar-2024 17:52:12] NOTICE: fpm is running, pid 58597
[07-Mar-2024 17:52:12] NOTICE: ready to handle connections
[07-Mar-2024 18:01:04] NOTICE: Terminating ...
[07-Mar-2024 18:01:04] NOTICE: Terminating ...
[07-Mar-2024 18:01:04] NOTICE: exiting, bye-bye!
[07-Mar-2024 18:06:12] NOTICE: fpm is running, pid 59290
[07-Mar-2024 18:06:12] NOTICE: ready to handle connections
[07-Mar-2024 18:07:02] NOTICE: Terminating ...
[07-Mar-2024 18:07:02] NOTICE: Terminating ...
[07-Mar-2024 18:07:02] NOTICE: exiting, bye-bye!
[09-Mar-2024 13:17:59] NOTICE: fpm is running, pid 2522
[09-Mar-2024 13:17:59] NOTICE: ready to handle connections
[09-Mar-2024 14:02:15] NOTICE: Terminating ...
[09-Mar-2024 14:02:15] NOTICE: Terminating ...
[09-Mar-2024 14:02:15] NOTICE: exiting, bye-bye!
[09-Mar-2024 14:02:19] NOTICE: fpm is running, pid 5274
[09-Mar-2024 14:02:19] NOTICE: ready to handle connections
[11-Mar-2024 13:10:52] NOTICE: Terminating ...
[11-Mar-2024 13:10:52] NOTICE: Terminating ...
[11-Mar-2024 13:10:52] NOTICE: exiting, bye-bye!
[11-Mar-2024 13:11:23] NOTICE: fpm is running, pid 18263
[11-Mar-2024 13:11:23] NOTICE: ready to handle connections
[11-Mar-2024 13:54:54] NOTICE: Terminating ...
[11-Mar-2024 13:54:54] NOTICE: Terminating ...
[11-Mar-2024 13:54:54] NOTICE: exiting, bye-bye!
[11-Mar-2024 13:54:55] NOTICE: fpm is running, pid 21644
[11-Mar-2024 13:54:55] NOTICE: ready to handle connections
[11-Mar-2024 15:35:46] NOTICE: Terminating ...
[11-Mar-2024 15:35:46] NOTICE: Terminating ...
[11-Mar-2024 15:35:46] NOTICE: exiting, bye-bye!
[11-Mar-2024 15:36:06] NOTICE: fpm is running, pid 25086
[11-Mar-2024 15:36:06] NOTICE: ready to handle connections
[11-Mar-2024 15:39:15] NOTICE: Terminating ...
[11-Mar-2024 15:39:15] NOTICE: Terminating ...
[11-Mar-2024 15:39:15] NOTICE: exiting, bye-bye!
[12-Mar-2024 10:30:00] NOTICE: fpm is running, pid 26364
[12-Mar-2024 10:30:00] NOTICE: ready to handle connections
[12-Mar-2024 14:53:21] NOTICE: Terminating ...
[12-Mar-2024 14:53:21] NOTICE: Terminating ...
[12-Mar-2024 14:53:21] NOTICE: exiting, bye-bye!
[12-Mar-2024 17:11:47] NOTICE: fpm is running, pid 43363
[12-Mar-2024 17:11:47] NOTICE: ready to handle connections
[12-Mar-2024 17:40:42] NOTICE: Terminating ...
[12-Mar-2024 17:40:42] NOTICE: Terminating ...
[12-Mar-2024 17:40:42] NOTICE: exiting, bye-bye!
[12-Mar-2024 17:40:43] NOTICE: fpm is running, pid 45450
[12-Mar-2024 17:40:43] NOTICE: ready to handle connections
[12-Mar-2024 17:40:53] NOTICE: Terminating ...
[12-Mar-2024 17:40:53] NOTICE: exiting, bye-bye!
[13-Mar-2024 09:18:22] NOTICE: fpm is running, pid 11173
[13-Mar-2024 09:18:22] NOTICE: ready to handle connections
[15-Mar-2024 09:19:34] NOTICE: Terminating ...
[15-Mar-2024 09:19:34] NOTICE: Terminating ...
[15-Mar-2024 09:19:34] NOTICE: exiting, bye-bye!
[15-Mar-2024 09:19:37] NOTICE: fpm is running, pid 40344
[15-Mar-2024 09:19:37] NOTICE: ready to handle connections
[16-Mar-2024 10:23:27] NOTICE: Terminating ...
[16-Mar-2024 10:23:27] NOTICE: Terminating ...
[16-Mar-2024 10:23:27] NOTICE: exiting, bye-bye!
[16-Mar-2024 10:23:28] NOTICE: fpm is running, pid 90424
[16-Mar-2024 10:23:28] NOTICE: ready to handle connections
[16-Mar-2024 10:23:46] NOTICE: Terminating ...
[16-Mar-2024 10:23:46] NOTICE: Terminating ...
[16-Mar-2024 10:23:46] NOTICE: exiting, bye-bye!
[17-Mar-2024 11:06:39] NOTICE: fpm is running, pid 1211
[17-Mar-2024 11:06:39] NOTICE: ready to handle connections
[18-Mar-2024 08:57:06] NOTICE: Terminating ...
[18-Mar-2024 08:57:06] NOTICE: Terminating ...
[18-Mar-2024 08:57:06] NOTICE: exiting, bye-bye!
[18-Mar-2024 13:39:16] NOTICE: fpm is running, pid 40889
[18-Mar-2024 13:39:16] NOTICE: ready to handle connections
[19-Mar-2024 13:46:18] NOTICE: Terminating ...
[19-Mar-2024 13:46:18] NOTICE: Terminating ...
[19-Mar-2024 13:46:18] NOTICE: exiting, bye-bye!
[20-Mar-2024 09:22:52] NOTICE: fpm is running, pid 93225
[20-Mar-2024 09:22:52] NOTICE: ready to handle connections
[20-Mar-2024 11:58:38] NOTICE: Terminating ...
[20-Mar-2024 11:58:38] NOTICE: Terminating ...
[20-Mar-2024 11:58:38] NOTICE: exiting, bye-bye!
[20-Mar-2024 12:25:18] NOTICE: fpm is running, pid 2301
[20-Mar-2024 12:25:18] NOTICE: ready to handle connections
[21-Mar-2024 08:44:53] NOTICE: fpm is running, pid 26522
[21-Mar-2024 08:44:53] NOTICE: ready to handle connections
[21-Mar-2024 15:02:50] NOTICE: Terminating ...
[21-Mar-2024 15:02:50] NOTICE: Terminating ...
[21-Mar-2024 15:02:50] NOTICE: exiting, bye-bye!
[21-Mar-2024 15:03:16] NOTICE: fpm is running, pid 46952
[21-Mar-2024 15:03:16] NOTICE: ready to handle connections
[22-Mar-2024 13:55:08] NOTICE: Terminating ...
[22-Mar-2024 13:55:08] NOTICE: Terminating ...
[22-Mar-2024 13:55:08] NOTICE: exiting, bye-bye!
[24-Mar-2024 08:34:11] NOTICE: fpm is running, pid 37842
[24-Mar-2024 08:34:11] NOTICE: ready to handle connections
[25-Mar-2024 10:03:24] NOTICE: Terminating ...
[25-Mar-2024 10:03:24] NOTICE: Terminating ...
[25-Mar-2024 10:03:24] NOTICE: exiting, bye-bye!
[25-Mar-2024 10:07:45] NOTICE: fpm is running, pid 68192
[25-Mar-2024 10:07:45] NOTICE: ready to handle connections
[25-Mar-2024 10:44:22] NOTICE: Terminating ...
[25-Mar-2024 10:44:22] NOTICE: Terminating ...
[25-Mar-2024 10:44:22] NOTICE: exiting, bye-bye!
[25-Mar-2024 12:11:06] NOTICE: fpm is running, pid 6329
[25-Mar-2024 12:11:06] NOTICE: ready to handle connections
[25-Mar-2024 21:02:21] NOTICE: Terminating ...
[25-Mar-2024 21:02:21] NOTICE: Terminating ...
[25-Mar-2024 21:02:21] NOTICE: exiting, bye-bye!
[02-Apr-2024 16:06:23] NOTICE: fpm is running, pid 67339
[02-Apr-2024 16:06:23] NOTICE: ready to handle connections
[03-Apr-2024 09:09:59] NOTICE: Terminating ...
[03-Apr-2024 09:09:59] NOTICE: Terminating ...
[03-Apr-2024 09:09:59] NOTICE: exiting, bye-bye!
[03-Apr-2024 13:14:12] NOTICE: fpm is running, pid 14378
[03-Apr-2024 13:14:12] NOTICE: ready to handle connections
[03-Apr-2024 21:58:08] NOTICE: Terminating ...
[03-Apr-2024 21:58:08] NOTICE: Terminating ...
[03-Apr-2024 21:58:08] NOTICE: exiting, bye-bye!
[06-Apr-2024 16:37:25] NOTICE: fpm is running, pid 40054
[06-Apr-2024 16:37:25] NOTICE: ready to handle connections
[07-Apr-2024 11:57:15] NOTICE: Terminating ...
[07-Apr-2024 11:57:15] NOTICE: Terminating ...
[07-Apr-2024 11:57:15] NOTICE: exiting, bye-bye!
[07-Apr-2024 11:58:01] NOTICE: fpm is running, pid 49317
[07-Apr-2024 11:58:01] NOTICE: ready to handle connections
[07-Apr-2024 13:16:09] NOTICE: Terminating ...
[07-Apr-2024 13:16:09] NOTICE: Terminating ...
[07-Apr-2024 13:16:09] NOTICE: exiting, bye-bye!
[07-Apr-2024 13:16:12] NOTICE: fpm is running, pid 54296
[07-Apr-2024 13:16:12] NOTICE: ready to handle connections
[07-Apr-2024 13:16:23] NOTICE: Terminating ...
[07-Apr-2024 13:16:23] NOTICE: Terminating ...
[07-Apr-2024 13:16:23] NOTICE: exiting, bye-bye!
[07-Apr-2024 13:17:02] NOTICE: fpm is running, pid 54388
[07-Apr-2024 13:17:02] NOTICE: ready to handle connections
[07-Apr-2024 13:18:44] NOTICE: Terminating ...
[07-Apr-2024 13:18:44] NOTICE: Terminating ...
[07-Apr-2024 13:18:44] NOTICE: exiting, bye-bye!
[07-Apr-2024 13:22:27] NOTICE: fpm is running, pid 1418
[07-Apr-2024 13:22:27] NOTICE: ready to handle connections
[07-Apr-2024 13:27:37] NOTICE: Terminating ...
[07-Apr-2024 13:27:37] NOTICE: Terminating ...
[07-Apr-2024 13:27:37] NOTICE: exiting, bye-bye!
[07-Apr-2024 13:27:40] NOTICE: fpm is running, pid 2073
[07-Apr-2024 13:27:40] NOTICE: ready to handle connections
[07-Apr-2024 13:31:23] NOTICE: Terminating ...
[07-Apr-2024 13:31:23] NOTICE: Terminating ...
[07-Apr-2024 13:31:23] NOTICE: exiting, bye-bye!
[07-Apr-2024 13:31:34] NOTICE: fpm is running, pid 2575
[07-Apr-2024 13:31:34] NOTICE: ready to handle connections
[07-Apr-2024 13:33:40] NOTICE: Terminating ...
[07-Apr-2024 13:33:40] NOTICE: exiting, bye-bye!
[07-Apr-2024 13:49:01] NOTICE: fpm is running, pid 3616
[07-Apr-2024 13:49:01] NOTICE: ready to handle connections
[07-Apr-2024 13:51:41] NOTICE: Terminating ...
[07-Apr-2024 13:51:41] NOTICE: Terminating ...
[07-Apr-2024 13:51:41] NOTICE: exiting, bye-bye!
[07-Apr-2024 13:54:18] NOTICE: fpm is running, pid 1268
[07-Apr-2024 13:54:18] NOTICE: ready to handle connections
[07-Apr-2024 13:58:42] NOTICE: Terminating ...
[07-Apr-2024 13:58:42] NOTICE: Terminating ...
[07-Apr-2024 13:58:42] NOTICE: exiting, bye-bye!
[07-Apr-2024 13:58:44] NOTICE: fpm is running, pid 1630
[07-Apr-2024 13:58:44] NOTICE: ready to handle connections
[07-Apr-2024 14:00:04] NOTICE: Terminating ...
[07-Apr-2024 14:00:04] NOTICE: Terminating ...
[07-Apr-2024 14:00:04] NOTICE: exiting, bye-bye!
[07-Apr-2024 14:00:29] NOTICE: fpm is running, pid 1794
[07-Apr-2024 14:00:29] NOTICE: ready to handle connections
[07-Apr-2024 14:02:54] NOTICE: Terminating ...
[07-Apr-2024 14:02:54] NOTICE: Terminating ...
[07-Apr-2024 14:02:54] NOTICE: exiting, bye-bye!
[07-Apr-2024 14:03:07] NOTICE: fpm is running, pid 1982
[07-Apr-2024 14:03:07] NOTICE: ready to handle connections
[07-Apr-2024 14:04:35] NOTICE: Terminating ...
[07-Apr-2024 14:04:35] NOTICE: Terminating ...
[07-Apr-2024 14:04:35] NOTICE: exiting, bye-bye!
[07-Apr-2024 14:04:36] NOTICE: fpm is running, pid 2101
[07-Apr-2024 14:04:36] NOTICE: ready to handle connections
[07-Apr-2024 14:05:00] NOTICE: Terminating ...
[07-Apr-2024 14:05:00] NOTICE: Terminating ...
[07-Apr-2024 14:05:00] NOTICE: exiting, bye-bye!
[07-Apr-2024 14:05:01] NOTICE: fpm is running, pid 2150
[07-Apr-2024 14:05:01] NOTICE: ready to handle connections
[07-Apr-2024 14:13:20] NOTICE: Terminating ...
[07-Apr-2024 14:13:20] NOTICE: Terminating ...
[07-Apr-2024 14:13:20] NOTICE: exiting, bye-bye!
[07-Apr-2024 14:14:15] NOTICE: fpm is running, pid 2705
[07-Apr-2024 14:14:15] NOTICE: ready to handle connections
[07-Apr-2024 14:14:37] NOTICE: Terminating ...
[07-Apr-2024 14:14:37] NOTICE: Terminating ...
[07-Apr-2024 14:14:37] NOTICE: exiting, bye-bye!
[07-Apr-2024 14:17:23] NOTICE: fpm is running, pid 2909
[07-Apr-2024 14:17:23] NOTICE: ready to handle connections
[07-Apr-2024 14:27:49] NOTICE: Terminating ...
[07-Apr-2024 14:27:49] NOTICE: Terminating ...
[07-Apr-2024 14:27:49] NOTICE: exiting, bye-bye!
[07-Apr-2024 14:28:21] NOTICE: fpm is running, pid 3500
[07-Apr-2024 14:28:21] NOTICE: ready to handle connections
[07-Apr-2024 14:29:19] NOTICE: Terminating ...
[07-Apr-2024 14:29:19] NOTICE: Terminating ...
[07-Apr-2024 14:29:19] NOTICE: exiting, bye-bye!
[07-Apr-2024 14:32:04] NOTICE: fpm is running, pid 1300
[07-Apr-2024 14:32:04] NOTICE: ready to handle connections
[07-Apr-2024 14:49:53] NOTICE: Terminating ...
[07-Apr-2024 14:49:53] NOTICE: Terminating ...
[07-Apr-2024 14:49:53] NOTICE: exiting, bye-bye!
[07-Apr-2024 14:51:51] NOTICE: fpm is running, pid 2664
[07-Apr-2024 14:51:51] NOTICE: ready to handle connections
[07-Apr-2024 14:53:59] NOTICE: Terminating ...
[07-Apr-2024 14:53:59] NOTICE: Terminating ...
[07-Apr-2024 14:53:59] NOTICE: exiting, bye-bye!
[07-Apr-2024 14:54:31] NOTICE: fpm is running, pid 2821
[07-Apr-2024 14:54:31] NOTICE: ready to handle connections
[07-Apr-2024 14:59:36] NOTICE: Terminating ...
[07-Apr-2024 14:59:36] NOTICE: Terminating ...
[07-Apr-2024 14:59:36] NOTICE: exiting, bye-bye!
